<?xml version="1.0" encoding="UTF-8"?>
<!-- Generated by org.testng.reporters.JUnitReportReporter -->
<testsuite hostname="DESKTOP-LH1RN4F" failures="0" tests="1" name="Demo.CreateOrg2" time="0.028" errors="0" timestamp="2023-01-21T16:27:17 IST" skipped="0">
  <testcase classname="Demo.CreateOrg2" name="test1" time="0.028"/>
  <system-out/>
</testsuite> <!-- Demo.CreateOrg2 -->
