<?xml version="1.0" encoding="UTF-8"?>
<!-- Generated by org.testng.reporters.JUnitReportReporter -->
<testsuite hostname="DESKTOP-LH1RN4F" failures="0" tests="1" name="Demo.CreateOrgTest" time="0.033" errors="0" timestamp="2023-01-21T12:15:05 IST" skipped="0">
  <testcase classname="Demo.CreateOrgTest" name="test1" time="0.033"/>
  <system-out/>
</testsuite> <!-- Demo.CreateOrgTest -->
